[1/4] Build host daemon
[2/4] Inflate test -> 2 GiB
----- BEGIN INFLATE LOG -----
2026-04-20 06:09:48 [INFO] target unchanged and no pending cmd (target=2147483648), skipping publish
2026-04-20 06:09:48 [INFO] actual=2640498688 target=2147483648 cmd_seq=11 ack_seq=11 shm_status=0 shm_err=0 qmp_err=0
2026-04-20 06:09:49 [INFO] actual=2633965568 target=2147483648 cmd_seq=11 ack_seq=11 shm_status=0 shm_err=0 qmp_err=0
2026-04-20 06:09:50 [INFO] actual=2572877824 target=2147483648 cmd_seq=11 ack_seq=11 shm_status=0 shm_err=0 qmp_err=0
2026-04-20 06:09:51 [INFO] actual=2510045184 target=2147483648 cmd_seq=11 ack_seq=11 shm_status=0 shm_err=0 qmp_err=0
2026-04-20 06:09:52 [INFO] actual=2448818176 target=2147483648 cmd_seq=11 ack_seq=11 shm_status=0 shm_err=0 qmp_err=0
2026-04-20 06:09:53 [INFO] actual=2386563072 target=2147483648 cmd_seq=11 ack_seq=11 shm_status=0 shm_err=0 qmp_err=0
2026-04-20 06:09:54 [INFO] actual=2324299776 target=2147483648 cmd_seq=11 ack_seq=11 shm_status=0 shm_err=0 qmp_err=0
2026-04-20 06:09:55 [INFO] actual=2262110208 target=2147483648 cmd_seq=11 ack_seq=11 shm_status=0 shm_err=0 qmp_err=0
2026-04-20 06:09:56 [INFO] actual=2229297152 target=2147483648 cmd_seq=11 ack_seq=11 shm_status=0 shm_err=0 qmp_err=0
2026-04-20 06:09:58 [INFO] actual=2192855040 target=2147483648 cmd_seq=11 ack_seq=11 shm_status=0 shm_err=0 qmp_err=0
2026-04-20 06:09:59 [INFO] actual=2162978816 target=2147483648 cmd_seq=11 ack_seq=11 shm_status=0 shm_err=0 qmp_err=0
2026-04-20 06:10:00 [INFO] actual=2147483648 target=2147483648 cmd_seq=11 ack_seq=11 shm_status=0 shm_err=0 qmp_err=0
2026-04-20 06:10:01 [INFO] actual=2147483648 target=2147483648 cmd_seq=11 ack_seq=11 shm_status=0 shm_err=0 qmp_err=0
2026-04-20 06:10:02 [INFO] actual=2147483648 target=2147483648 cmd_seq=11 ack_seq=11 shm_status=0 shm_err=0 qmp_err=0
2026-04-20 06:10:03 [INFO] actual=2147483648 target=2147483648 cmd_seq=11 ack_seq=11 shm_status=0 shm_err=0 qmp_err=0
2026-04-20 06:10:04 [INFO] actual=2147483648 target=2147483648 cmd_seq=11 ack_seq=11 shm_status=0 shm_err=0 qmp_err=0
2026-04-20 06:10:05 [INFO] actual=2147483648 target=2147483648 cmd_seq=11 ack_seq=11 shm_status=0 shm_err=0 qmp_err=0
2026-04-20 06:10:06 [INFO] actual=2147483648 target=2147483648 cmd_seq=11 ack_seq=11 shm_status=0 shm_err=0 qmp_err=0
2026-04-20 06:10:07 [INFO] actual=2147483648 target=2147483648 cmd_seq=11 ack_seq=11 shm_status=0 shm_err=0 qmp_err=0
2026-04-20 06:10:08 [INFO] actual=2147483648 target=2147483648 cmd_seq=11 ack_seq=11 shm_status=0 shm_err=0 qmp_err=0
2026-04-20 06:10:09 [INFO] actual=2147483648 target=2147483648 cmd_seq=11 ack_seq=11 shm_status=0 shm_err=0 qmp_err=0
2026-04-20 06:10:10 [INFO] actual=2147483648 target=2147483648 cmd_seq=11 ack_seq=11 shm_status=0 shm_err=0 qmp_err=0
2026-04-20 06:10:11 [INFO] actual=2147483648 target=2147483648 cmd_seq=11 ack_seq=11 shm_status=0 shm_err=0 qmp_err=0
2026-04-20 06:10:12 [INFO] actual=2147483648 target=2147483648 cmd_seq=11 ack_seq=11 shm_status=0 shm_err=0 qmp_err=0
2026-04-20 06:10:13 [INFO] actual=2147483648 target=2147483648 cmd_seq=11 ack_seq=11 shm_status=0 shm_err=0 qmp_err=0
2026-04-20 06:10:14 [INFO] actual=2147483648 target=2147483648 cmd_seq=11 ack_seq=11 shm_status=0 shm_err=0 qmp_err=0
2026-04-20 06:10:15 [INFO] actual=2147483648 target=2147483648 cmd_seq=11 ack_seq=11 shm_status=0 shm_err=0 qmp_err=0
2026-04-20 06:10:16 [INFO] actual=2147483648 target=2147483648 cmd_seq=11 ack_seq=11 shm_status=0 shm_err=0 qmp_err=0
2026-04-20 06:10:17 [INFO] actual=2147483648 target=2147483648 cmd_seq=11 ack_seq=11 shm_status=0 shm_err=0 qmp_err=0
2026-04-20 06:10:18 [INFO] actual=2147483648 target=2147483648 cmd_seq=11 ack_seq=11 shm_status=0 shm_err=0 qmp_err=0
2026-04-20 06:10:19 [INFO] actual=2147483648 target=2147483648 cmd_seq=11 ack_seq=11 shm_status=0 shm_err=0 qmp_err=0
2026-04-20 06:10:20 [INFO] actual=2147483648 target=2147483648 cmd_seq=11 ack_seq=11 shm_status=0 shm_err=0 qmp_err=0
2026-04-20 06:10:21 [INFO] actual=2147483648 target=2147483648 cmd_seq=11 ack_seq=11 shm_status=0 shm_err=0 qmp_err=0
2026-04-20 06:10:22 [INFO] actual=2147483648 target=2147483648 cmd_seq=11 ack_seq=11 shm_status=0 shm_err=0 qmp_err=0
2026-04-20 06:10:23 [INFO] actual=2147483648 target=2147483648 cmd_seq=11 ack_seq=11 shm_status=0 shm_err=0 qmp_err=0
2026-04-20 06:10:24 [INFO] actual=2147483648 target=2147483648 cmd_seq=11 ack_seq=11 shm_status=0 shm_err=0 qmp_err=0
2026-04-20 06:10:25 [INFO] actual=2147483648 target=2147483648 cmd_seq=11 ack_seq=11 shm_status=0 shm_err=0 qmp_err=0
2026-04-20 06:10:26 [INFO] actual=2147483648 target=2147483648 cmd_seq=11 ack_seq=11 shm_status=0 shm_err=0 qmp_err=0
2026-04-20 06:10:27 [INFO] actual=2147483648 target=2147483648 cmd_seq=11 ack_seq=11 shm_status=0 shm_err=0 qmp_err=0
2026-04-20 06:10:28 [INFO] actual=2147483648 target=2147483648 cmd_seq=11 ack_seq=11 shm_status=0 shm_err=0 qmp_err=0
2026-04-20 06:10:29 [INFO] actual=2147483648 target=2147483648 cmd_seq=11 ack_seq=11 shm_status=0 shm_err=0 qmp_err=0
2026-04-20 06:10:30 [INFO] actual=2147483648 target=2147483648 cmd_seq=11 ack_seq=11 shm_status=0 shm_err=0 qmp_err=0
2026-04-20 06:10:31 [INFO] actual=2147483648 target=2147483648 cmd_seq=11 ack_seq=11 shm_status=0 shm_err=0 qmp_err=0
2026-04-20 06:10:32 [INFO] actual=2147483648 target=2147483648 cmd_seq=11 ack_seq=11 shm_status=0 shm_err=0 qmp_err=0
2026-04-20 06:10:33 [INFO] actual=2147483648 target=2147483648 cmd_seq=11 ack_seq=11 shm_status=0 shm_err=0 qmp_err=0
2026-04-20 06:10:34 [INFO] actual=2147483648 target=2147483648 cmd_seq=11 ack_seq=11 shm_status=0 shm_err=0 qmp_err=0
2026-04-20 06:10:35 [INFO] actual=2147483648 target=2147483648 cmd_seq=11 ack_seq=11 shm_status=0 shm_err=0 qmp_err=0
2026-04-20 06:10:36 [INFO] actual=2147483648 target=2147483648 cmd_seq=11 ack_seq=11 shm_status=0 shm_err=0 qmp_err=0
2026-04-20 06:10:37 [INFO] actual=2147483648 target=2147483648 cmd_seq=11 ack_seq=11 shm_status=0 shm_err=0 qmp_err=0
2026-04-20 06:10:38 [INFO] actual=2147483648 target=2147483648 cmd_seq=11 ack_seq=11 shm_status=0 shm_err=0 qmp_err=0
2026-04-20 06:10:39 [INFO] actual=2147483648 target=2147483648 cmd_seq=11 ack_seq=11 shm_status=0 shm_err=0 qmp_err=0
2026-04-20 06:10:41 [INFO] actual=2147483648 target=2147483648 cmd_seq=11 ack_seq=11 shm_status=0 shm_err=0 qmp_err=0
2026-04-20 06:10:42 [INFO] actual=2147483648 target=2147483648 cmd_seq=11 ack_seq=11 shm_status=0 shm_err=0 qmp_err=0
2026-04-20 06:10:43 [INFO] actual=2147483648 target=2147483648 cmd_seq=11 ack_seq=11 shm_status=0 shm_err=0 qmp_err=0
2026-04-20 06:10:44 [INFO] actual=2147483648 target=2147483648 cmd_seq=11 ack_seq=11 shm_status=0 shm_err=0 qmp_err=0
2026-04-20 06:10:45 [INFO] actual=2147483648 target=2147483648 cmd_seq=11 ack_seq=11 shm_status=0 shm_err=0 qmp_err=0
2026-04-20 06:10:46 [INFO] actual=2147483648 target=2147483648 cmd_seq=11 ack_seq=11 shm_status=0 shm_err=0 qmp_err=0
2026-04-20 06:10:47 [INFO] actual=2147483648 target=2147483648 cmd_seq=11 ack_seq=11 shm_status=0 shm_err=0 qmp_err=0
2026-04-20 06:10:48 [INFO] stopping
----- END INFLATE LOG -----
[3/4] Deflate test -> 3 GiB
----- BEGIN DEFLATE LOG -----
2026-04-20 06:10:48 [INFO] new target_bytes=3221225472 cmd_seq=12
2026-04-20 06:10:48 [INFO] actual=2147483648 target=3221225472 cmd_seq=12 ack_seq=11 shm_status=0 shm_err=0 qmp_err=0
2026-04-20 06:10:50 [INFO] actual=2969980928 target=3221225472 cmd_seq=12 ack_seq=12 shm_status=0 shm_err=0 qmp_err=0
2026-04-20 06:10:51 [INFO] actual=3221225472 target=3221225472 cmd_seq=12 ack_seq=12 shm_status=0 shm_err=0 qmp_err=0
2026-04-20 06:10:52 [INFO] actual=3221225472 target=3221225472 cmd_seq=12 ack_seq=12 shm_status=0 shm_err=0 qmp_err=0
2026-04-20 06:10:53 [INFO] actual=3221225472 target=3221225472 cmd_seq=12 ack_seq=12 shm_status=0 shm_err=0 qmp_err=0
2026-04-20 06:10:54 [INFO] actual=3221225472 target=3221225472 cmd_seq=12 ack_seq=12 shm_status=0 shm_err=0 qmp_err=0
2026-04-20 06:10:55 [INFO] actual=3221225472 target=3221225472 cmd_seq=12 ack_seq=12 shm_status=0 shm_err=0 qmp_err=0
2026-04-20 06:10:56 [INFO] actual=3221225472 target=3221225472 cmd_seq=12 ack_seq=12 shm_status=0 shm_err=0 qmp_err=0
2026-04-20 06:10:57 [INFO] actual=3221225472 target=3221225472 cmd_seq=12 ack_seq=12 shm_status=0 shm_err=0 qmp_err=0
2026-04-20 06:10:58 [INFO] actual=3221225472 target=3221225472 cmd_seq=12 ack_seq=12 shm_status=0 shm_err=0 qmp_err=0
2026-04-20 06:10:59 [INFO] actual=3221225472 target=3221225472 cmd_seq=12 ack_seq=12 shm_status=0 shm_err=0 qmp_err=0
2026-04-20 06:11:00 [INFO] actual=3221225472 target=3221225472 cmd_seq=12 ack_seq=12 shm_status=0 shm_err=0 qmp_err=0
2026-04-20 06:11:01 [INFO] actual=3221225472 target=3221225472 cmd_seq=12 ack_seq=12 shm_status=0 shm_err=0 qmp_err=0
2026-04-20 06:11:03 [INFO] actual=3221225472 target=3221225472 cmd_seq=12 ack_seq=12 shm_status=0 shm_err=0 qmp_err=0
2026-04-20 06:11:04 [INFO] actual=3221225472 target=3221225472 cmd_seq=12 ack_seq=12 shm_status=0 shm_err=0 qmp_err=0
2026-04-20 06:11:05 [INFO] actual=3221225472 target=3221225472 cmd_seq=12 ack_seq=12 shm_status=0 shm_err=0 qmp_err=0
2026-04-20 06:11:06 [INFO] actual=3221225472 target=3221225472 cmd_seq=12 ack_seq=12 shm_status=0 shm_err=0 qmp_err=0
2026-04-20 06:11:07 [INFO] actual=3221225472 target=3221225472 cmd_seq=12 ack_seq=12 shm_status=0 shm_err=0 qmp_err=0
2026-04-20 06:11:08 [INFO] actual=3221225472 target=3221225472 cmd_seq=12 ack_seq=12 shm_status=0 shm_err=0 qmp_err=0
2026-04-20 06:11:09 [INFO] actual=3221225472 target=3221225472 cmd_seq=12 ack_seq=12 shm_status=0 shm_err=0 qmp_err=0
2026-04-20 06:11:10 [INFO] actual=3221225472 target=3221225472 cmd_seq=12 ack_seq=12 shm_status=0 shm_err=0 qmp_err=0
2026-04-20 06:11:11 [INFO] actual=3221225472 target=3221225472 cmd_seq=12 ack_seq=12 shm_status=0 shm_err=0 qmp_err=0
2026-04-20 06:11:12 [INFO] actual=3221225472 target=3221225472 cmd_seq=12 ack_seq=12 shm_status=0 shm_err=0 qmp_err=0
2026-04-20 06:11:13 [INFO] actual=3221225472 target=3221225472 cmd_seq=12 ack_seq=12 shm_status=0 shm_err=0 qmp_err=0
2026-04-20 06:11:14 [INFO] actual=3221225472 target=3221225472 cmd_seq=12 ack_seq=12 shm_status=0 shm_err=0 qmp_err=0
2026-04-20 06:11:15 [INFO] actual=3221225472 target=3221225472 cmd_seq=12 ack_seq=12 shm_status=0 shm_err=0 qmp_err=0
2026-04-20 06:11:16 [INFO] actual=3221225472 target=3221225472 cmd_seq=12 ack_seq=12 shm_status=0 shm_err=0 qmp_err=0
2026-04-20 06:11:17 [INFO] actual=3221225472 target=3221225472 cmd_seq=12 ack_seq=12 shm_status=0 shm_err=0 qmp_err=0
2026-04-20 06:11:18 [INFO] actual=3221225472 target=3221225472 cmd_seq=12 ack_seq=12 shm_status=0 shm_err=0 qmp_err=0
2026-04-20 06:11:18 [INFO] stopping
----- END DEFLATE LOG -----
[4/4] Save proofs
smoke_phase2: completed (real QMP path)
