[1/4] Build host daemon
[2/4] Inflate test -> 2 GiB
----- BEGIN INFLATE LOG -----
2026-04-19 22:00:32 [INFO] new target_bytes=2147483648 cmd_seq=13
2026-04-19 22:00:32 [INFO] actual=2387529728 target=2147483648 cmd_seq=13 ack_seq=10 status=0 err=0
2026-04-19 22:00:33 [INFO] actual=2349314048 target=2147483648 cmd_seq=13 ack_seq=10 status=0 err=0
2026-04-19 22:00:34 [INFO] actual=2305134592 target=2147483648 cmd_seq=13 ack_seq=10 status=0 err=0
2026-04-19 22:00:35 [INFO] actual=2262016000 target=2147483648 cmd_seq=13 ack_seq=10 status=0 err=0
2026-04-19 22:00:36 [INFO] actual=2216914944 target=2147483648 cmd_seq=13 ack_seq=10 status=0 err=0
2026-04-19 22:00:37 [INFO] actual=2173468672 target=2147483648 cmd_seq=13 ack_seq=10 status=0 err=0
2026-04-19 22:00:38 [INFO] actual=2147483648 target=2147483648 cmd_seq=13 ack_seq=13 status=0 err=0
2026-04-19 22:00:39 [INFO] actual=2147483648 target=2147483648 cmd_seq=13 ack_seq=13 status=0 err=0
2026-04-19 22:00:40 [INFO] actual=2147483648 target=2147483648 cmd_seq=13 ack_seq=13 status=0 err=0
2026-04-19 22:00:41 [INFO] actual=2147483648 target=2147483648 cmd_seq=13 ack_seq=13 status=0 err=0
2026-04-19 22:00:42 [INFO] actual=2147483648 target=2147483648 cmd_seq=13 ack_seq=13 status=0 err=0
2026-04-19 22:00:43 [INFO] actual=2147483648 target=2147483648 cmd_seq=13 ack_seq=13 status=0 err=0
2026-04-19 22:00:44 [INFO] actual=2147483648 target=2147483648 cmd_seq=13 ack_seq=13 status=0 err=0
2026-04-19 22:00:45 [INFO] actual=2147483648 target=2147483648 cmd_seq=13 ack_seq=13 status=0 err=0
2026-04-19 22:00:46 [INFO] actual=2147483648 target=2147483648 cmd_seq=13 ack_seq=13 status=0 err=0
2026-04-19 22:00:48 [INFO] actual=2147483648 target=2147483648 cmd_seq=13 ack_seq=13 status=0 err=0
2026-04-19 22:00:49 [INFO] actual=2147483648 target=2147483648 cmd_seq=13 ack_seq=13 status=0 err=0
2026-04-19 22:00:50 [INFO] actual=2147483648 target=2147483648 cmd_seq=13 ack_seq=13 status=0 err=0
2026-04-19 22:00:51 [INFO] actual=2147483648 target=2147483648 cmd_seq=13 ack_seq=13 status=0 err=0
2026-04-19 22:00:52 [INFO] actual=2147483648 target=2147483648 cmd_seq=13 ack_seq=13 status=0 err=0
2026-04-19 22:00:53 [INFO] actual=2147483648 target=2147483648 cmd_seq=13 ack_seq=13 status=0 err=0
2026-04-19 22:00:54 [INFO] actual=2147483648 target=2147483648 cmd_seq=13 ack_seq=13 status=0 err=0
2026-04-19 22:00:55 [INFO] actual=2147483648 target=2147483648 cmd_seq=13 ack_seq=13 status=0 err=0
2026-04-19 22:00:56 [INFO] actual=2147483648 target=2147483648 cmd_seq=13 ack_seq=13 status=0 err=0
2026-04-19 22:00:57 [INFO] actual=2147483648 target=2147483648 cmd_seq=13 ack_seq=13 status=0 err=0
2026-04-19 22:00:58 [INFO] actual=2147483648 target=2147483648 cmd_seq=13 ack_seq=13 status=0 err=0
2026-04-19 22:00:59 [INFO] actual=2147483648 target=2147483648 cmd_seq=13 ack_seq=13 status=0 err=0
2026-04-19 22:01:00 [INFO] actual=2147483648 target=2147483648 cmd_seq=13 ack_seq=13 status=0 err=0
2026-04-19 22:01:01 [INFO] actual=2147483648 target=2147483648 cmd_seq=13 ack_seq=13 status=0 err=0
2026-04-19 22:01:02 [INFO] actual=2147483648 target=2147483648 cmd_seq=13 ack_seq=13 status=0 err=0
2026-04-19 22:01:04 [INFO] actual=2147483648 target=2147483648 cmd_seq=13 ack_seq=13 status=0 err=0
2026-04-19 22:01:05 [INFO] actual=2147483648 target=2147483648 cmd_seq=13 ack_seq=13 status=0 err=0
2026-04-19 22:01:06 [INFO] actual=2147483648 target=2147483648 cmd_seq=13 ack_seq=13 status=0 err=0
2026-04-19 22:01:07 [INFO] actual=2147483648 target=2147483648 cmd_seq=13 ack_seq=13 status=0 err=0
2026-04-19 22:01:08 [INFO] actual=2147483648 target=2147483648 cmd_seq=13 ack_seq=13 status=0 err=0
2026-04-19 22:01:09 [INFO] actual=2147483648 target=2147483648 cmd_seq=13 ack_seq=13 status=0 err=0
2026-04-19 22:01:10 [INFO] actual=2147483648 target=2147483648 cmd_seq=13 ack_seq=13 status=0 err=0
2026-04-19 22:01:11 [INFO] actual=2147483648 target=2147483648 cmd_seq=13 ack_seq=13 status=0 err=0
2026-04-19 22:01:12 [INFO] actual=2147483648 target=2147483648 cmd_seq=13 ack_seq=13 status=0 err=0
2026-04-19 22:01:13 [INFO] actual=2147483648 target=2147483648 cmd_seq=13 ack_seq=13 status=0 err=0
2026-04-19 22:01:14 [INFO] actual=2147483648 target=2147483648 cmd_seq=13 ack_seq=13 status=0 err=0
2026-04-19 22:01:15 [INFO] actual=2147483648 target=2147483648 cmd_seq=13 ack_seq=13 status=0 err=0
2026-04-19 22:01:16 [INFO] actual=2147483648 target=2147483648 cmd_seq=13 ack_seq=13 status=0 err=0
2026-04-19 22:01:17 [INFO] actual=2147483648 target=2147483648 cmd_seq=13 ack_seq=13 status=0 err=0
2026-04-19 22:01:18 [INFO] actual=2147483648 target=2147483648 cmd_seq=13 ack_seq=13 status=0 err=0
2026-04-19 22:01:19 [INFO] actual=2147483648 target=2147483648 cmd_seq=13 ack_seq=13 status=0 err=0
2026-04-19 22:01:20 [INFO] actual=2147483648 target=2147483648 cmd_seq=13 ack_seq=13 status=0 err=0
2026-04-19 22:01:21 [INFO] actual=2147483648 target=2147483648 cmd_seq=13 ack_seq=13 status=0 err=0
2026-04-19 22:01:22 [INFO] actual=2147483648 target=2147483648 cmd_seq=13 ack_seq=13 status=0 err=0
2026-04-19 22:01:23 [INFO] actual=2147483648 target=2147483648 cmd_seq=13 ack_seq=13 status=0 err=0
2026-04-19 22:01:24 [INFO] actual=2147483648 target=2147483648 cmd_seq=13 ack_seq=13 status=0 err=0
2026-04-19 22:01:25 [INFO] actual=2147483648 target=2147483648 cmd_seq=13 ack_seq=13 status=0 err=0
2026-04-19 22:01:26 [INFO] actual=2147483648 target=2147483648 cmd_seq=13 ack_seq=13 status=0 err=0
2026-04-19 22:01:27 [INFO] actual=2147483648 target=2147483648 cmd_seq=13 ack_seq=13 status=0 err=0
2026-04-19 22:01:28 [INFO] actual=2147483648 target=2147483648 cmd_seq=13 ack_seq=13 status=0 err=0
2026-04-19 22:01:29 [INFO] actual=2147483648 target=2147483648 cmd_seq=13 ack_seq=13 status=0 err=0
2026-04-19 22:01:31 [INFO] actual=2147483648 target=2147483648 cmd_seq=13 ack_seq=13 status=0 err=0
2026-04-19 22:01:32 [INFO] actual=2147483648 target=2147483648 cmd_seq=13 ack_seq=13 status=0 err=0
2026-04-19 22:01:32 [INFO] stopping
----- END INFLATE LOG -----
[3/4] Deflate test -> 3 GiB
----- BEGIN DEFLATE LOG -----
2026-04-19 22:01:32 [INFO] new target_bytes=3221225472 cmd_seq=14
2026-04-19 22:01:32 [INFO] actual=2147483648 target=3221225472 cmd_seq=14 ack_seq=13 status=0 err=0
2026-04-19 22:01:33 [INFO] actual=2597826560 target=3221225472 cmd_seq=14 ack_seq=13 status=0 err=0
2026-04-19 22:01:34 [INFO] actual=3221225472 target=3221225472 cmd_seq=14 ack_seq=14 status=0 err=0
2026-04-19 22:01:35 [INFO] actual=3221225472 target=3221225472 cmd_seq=14 ack_seq=14 status=0 err=0
2026-04-19 22:01:36 [INFO] actual=3221225472 target=3221225472 cmd_seq=14 ack_seq=14 status=0 err=0
2026-04-19 22:01:37 [INFO] actual=3221225472 target=3221225472 cmd_seq=14 ack_seq=14 status=0 err=0
2026-04-19 22:01:38 [INFO] actual=3221225472 target=3221225472 cmd_seq=14 ack_seq=14 status=0 err=0
2026-04-19 22:01:39 [INFO] actual=3221225472 target=3221225472 cmd_seq=14 ack_seq=14 status=0 err=0
2026-04-19 22:01:40 [INFO] actual=3221225472 target=3221225472 cmd_seq=14 ack_seq=14 status=0 err=0
2026-04-19 22:01:41 [INFO] actual=3221225472 target=3221225472 cmd_seq=14 ack_seq=14 status=0 err=0
2026-04-19 22:01:42 [INFO] actual=3221225472 target=3221225472 cmd_seq=14 ack_seq=14 status=0 err=0
2026-04-19 22:01:43 [INFO] actual=3221225472 target=3221225472 cmd_seq=14 ack_seq=14 status=0 err=0
2026-04-19 22:01:44 [INFO] actual=3221225472 target=3221225472 cmd_seq=14 ack_seq=14 status=0 err=0
2026-04-19 22:01:45 [INFO] actual=3221225472 target=3221225472 cmd_seq=14 ack_seq=14 status=0 err=0
2026-04-19 22:01:46 [INFO] actual=3221225472 target=3221225472 cmd_seq=14 ack_seq=14 status=0 err=0
2026-04-19 22:01:47 [INFO] actual=3221225472 target=3221225472 cmd_seq=14 ack_seq=14 status=0 err=0
2026-04-19 22:01:48 [INFO] actual=3221225472 target=3221225472 cmd_seq=14 ack_seq=14 status=0 err=0
2026-04-19 22:01:49 [INFO] actual=3221225472 target=3221225472 cmd_seq=14 ack_seq=14 status=0 err=0
2026-04-19 22:01:50 [INFO] actual=3221225472 target=3221225472 cmd_seq=14 ack_seq=14 status=0 err=0
2026-04-19 22:01:51 [INFO] actual=3221225472 target=3221225472 cmd_seq=14 ack_seq=14 status=0 err=0
2026-04-19 22:01:52 [INFO] actual=3221225472 target=3221225472 cmd_seq=14 ack_seq=14 status=0 err=0
2026-04-19 22:01:53 [INFO] actual=3221225472 target=3221225472 cmd_seq=14 ack_seq=14 status=0 err=0
2026-04-19 22:01:54 [INFO] actual=3221225472 target=3221225472 cmd_seq=14 ack_seq=14 status=0 err=0
2026-04-19 22:01:55 [INFO] actual=3221225472 target=3221225472 cmd_seq=14 ack_seq=14 status=0 err=0
2026-04-19 22:01:56 [INFO] actual=3221225472 target=3221225472 cmd_seq=14 ack_seq=14 status=0 err=0
2026-04-19 22:01:58 [INFO] actual=3221225472 target=3221225472 cmd_seq=14 ack_seq=14 status=0 err=0
2026-04-19 22:01:59 [INFO] actual=3221225472 target=3221225472 cmd_seq=14 ack_seq=14 status=0 err=0
2026-04-19 22:02:00 [INFO] actual=3221225472 target=3221225472 cmd_seq=14 ack_seq=14 status=0 err=0
2026-04-19 22:02:01 [INFO] actual=3221225472 target=3221225472 cmd_seq=14 ack_seq=14 status=0 err=0
2026-04-19 22:02:02 [INFO] actual=3221225472 target=3221225472 cmd_seq=14 ack_seq=14 status=0 err=0
2026-04-19 22:02:02 [INFO] stopping
----- END DEFLATE LOG -----
[4/4] Save proofs
smoke_phase2: completed (real QMP path)
